This is pdfTeX, Version 3.141592653-2.6-1.40.26 (MiKTeX 24.4) (preloaded format=pdflatex 2024.5.22)  29 MAY 2024 12:12
entering extended mode
 restricted \write18 enabled.
 %&-line parsing enabled.
**./week1.tex
(week1.tex
LaTeX2e <2023-11-01> patch level 1
L3 programming layer <2024-04-11>
(C:\Users\dimit\AppData\Local\Programs\MiKTeX\tex/latex/base\article.cls
Document Class: article 2023/05/17 v1.4n Standard LaTeX document class
(C:\Users\dimit\AppData\Local\Programs\MiKTeX\tex/latex/base\size11.clo
File: size11.clo 2023/05/17 v1.4n Standard LaTeX file (size option)
)
\c@part=\count189
\c@section=\count190
\c@subsection=\count191
\c@subsubsection=\count192
\c@paragraph=\count193
\c@subparagraph=\count194
\c@figure=\count195
\c@table=\count196
\abovecaptionskip=\skip48
\belowcaptionskip=\skip49
\bibindent=\dimen140
)
(C:\Users\dimit\AppData\Local\Programs\MiKTeX\tex/generic/babel\babel.sty
Package: babel 2024/04/20 v24.4 The Babel package
\babel@savecnt=\count197
\U@D=\dimen141
\l@unhyphenated=\language79

(C:\Users\dimit\AppData\Local\Programs\MiKTeX\tex/generic/babel\txtbabel.def)
\bbl@readstream=\read2
\bbl@dirlevel=\count198

*************************************
* Local config file bblopts.cfg used
*
(C:\Users\dimit\AppData\Local\Programs\MiKTeX\tex/latex/arabi\bblopts.cfg
File: bblopts.cfg 2005/09/08 v0.1 add Arabic and Farsi to "declared" options of
 babel
)
(C:\Users\dimit\AppData\Local\Programs\MiKTeX\tex/latex/babel-portuges\portugue
se.ldf
Language: portuges 2021/07/09 v1.2t Portuguese support from the babel system
Package babel Info: Making " an active character on input line 143.
))
(C:\Users\dimit\AppData\Local\Programs\MiKTeX\tex/generic/babel/locale/pt\babel
-portuguese.tex
Package babel Info: Importing font and identification data for portuguese
(babel)             from babel-pt.ini. Reported on input line 11.
)
(C:\Users\dimit\AppData\Local\Programs\MiKTeX\tex/latex/geometry\geometry.sty
Package: geometry 2020/01/02 v5.9 Page Geometry

(C:\Users\dimit\AppData\Local\Programs\MiKTeX\tex/latex/graphics\keyval.sty
Package: keyval 2022/05/29 v1.15 key=value parser (DPC)
\KV@toks@=\toks17
)
(C:\Users\dimit\AppData\Local\Programs\MiKTeX\tex/generic/iftex\ifvtex.sty
Package: ifvtex 2019/10/25 v1.7 ifvtex legacy package. Use iftex instead.

(C:\Users\dimit\AppData\Local\Programs\MiKTeX\tex/generic/iftex\iftex.sty
Package: iftex 2022/02/03 v1.0f TeX engine tests
))
\Gm@cnth=\count199
\Gm@cntv=\count266
\c@Gm@tempcnt=\count267
\Gm@bindingoffset=\dimen142
\Gm@wd@mp=\dimen143
\Gm@odd@mp=\dimen144
\Gm@even@mp=\dimen145
\Gm@layoutwidth=\dimen146
\Gm@layoutheight=\dimen147
\Gm@layouthoffset=\dimen148
\Gm@layoutvoffset=\dimen149
\Gm@dimlist=\toks18

(C:\Users\dimit\AppData\Local\Programs\MiKTeX\tex/latex/geometry\geometry.cfg))
(C:\Users\dimit\AppData\Local\Programs\MiKTeX\tex/latex/amsmath\amsmath.sty
Package: amsmath 2023/05/13 v2.17o AMS math features
\@mathmargin=\skip50

For additional information on amsmath, use the `?' option.
(C:\Users\dimit\AppData\Local\Programs\MiKTeX\tex/latex/amsmath\amstext.sty
Package: amstext 2021/08/26 v2.01 AMS text

(C:\Users\dimit\AppData\Local\Programs\MiKTeX\tex/latex/amsmath\amsgen.sty
File: amsgen.sty 1999/11/30 v2.0 generic functions
\@emptytoks=\toks19
\ex@=\dimen150
))
(C:\Users\dimit\AppData\Local\Programs\MiKTeX\tex/latex/amsmath\amsbsy.sty
Package: amsbsy 1999/11/29 v1.2d Bold Symbols
\pmbraise@=\dimen151
)
(C:\Users\dimit\AppData\Local\Programs\MiKTeX\tex/latex/amsmath\amsopn.sty
Package: amsopn 2022/04/08 v2.04 operator names
)
\inf@bad=\count268
LaTeX Info: Redefining \frac on input line 234.
\uproot@=\count269
\leftroot@=\count270
LaTeX Info: Redefining \overline on input line 399.
LaTeX Info: Redefining \colon on input line 410.
\classnum@=\count271
\DOTSCASE@=\count272
LaTeX Info: Redefining \ldots on input line 496.
LaTeX Info: Redefining \dots on input line 499.
LaTeX Info: Redefining \cdots on input line 620.
\Mathstrutbox@=\box51
\strutbox@=\box52
LaTeX Info: Redefining \big on input line 722.
LaTeX Info: Redefining \Big on input line 723.
LaTeX Info: Redefining \bigg on input line 724.
LaTeX Info: Redefining \Bigg on input line 725.
\big@size=\dimen152
LaTeX Font Info:    Redeclaring font encoding OML on input line 743.
LaTeX Font Info:    Redeclaring font encoding OMS on input line 744.
\macc@depth=\count273
LaTeX Info: Redefining \bmod on input line 905.
LaTeX Info: Redefining \pmod on input line 910.
LaTeX Info: Redefining \smash on input line 940.
LaTeX Info: Redefining \relbar on input line 970.
LaTeX Info: Redefining \Relbar on input line 971.
\c@MaxMatrixCols=\count274
\dotsspace@=\muskip16
\c@parentequation=\count275
\dspbrk@lvl=\count276
\tag@help=\toks20
\row@=\count277
\column@=\count278
\maxfields@=\count279
\andhelp@=\toks21
\eqnshift@=\dimen153
\alignsep@=\dimen154
\tagshift@=\dimen155
\tagwidth@=\dimen156
\totwidth@=\dimen157
\lineht@=\dimen158
\@envbody=\toks22
\multlinegap=\skip51
\multlinetaggap=\skip52
\mathdisplay@stack=\toks23
LaTeX Info: Redefining \[ on input line 2953.
LaTeX Info: Redefining \] on input line 2954.
)
(C:\Users\dimit\AppData\Local\Programs\MiKTeX\tex/latex/listings\listings.sty
\lst@mode=\count280
\lst@gtempboxa=\box53
\lst@token=\toks24
\lst@length=\count281
\lst@currlwidth=\dimen159
\lst@column=\count282
\lst@pos=\count283
\lst@lostspace=\dimen160
\lst@width=\dimen161
\lst@newlines=\count284
\lst@lineno=\count285
\lst@maxwidth=\dimen162

(C:\Users\dimit\AppData\Local\Programs\MiKTeX\tex/latex/listings\lstpatch.sty
File: lstpatch.sty 2024/03/11 1.10a (Carsten Heinz)
)
(C:\Users\dimit\AppData\Local\Programs\MiKTeX\tex/latex/listings\lstmisc.sty
File: lstmisc.sty 2024/03/11 1.10a (Carsten Heinz)
\c@lstnumber=\count286
\lst@skipnumbers=\count287
\lst@framebox=\box54
)
(C:\Users\dimit\AppData\Local\Programs\MiKTeX\tex/latex/listings\listings.cfg
File: listings.cfg 2024/03/11 1.10a listings configuration
))
Package: listings 2024/03/11 1.10a (Carsten Heinz)
(C:\Users\dimit\AppData\Local\Programs\MiKTeX\tex/latex/graphics\graphicx.sty
Package: graphicx 2021/09/16 v1.2d Enhanced LaTeX Graphics (DPC,SPQR)

(C:\Users\dimit\AppData\Local\Programs\MiKTeX\tex/latex/graphics\graphics.sty
Package: graphics 2022/03/10 v1.4e Standard LaTeX Graphics (DPC,SPQR)

(C:\Users\dimit\AppData\Local\Programs\MiKTeX\tex/latex/graphics\trig.sty
Package: trig 2021/08/11 v1.11 sin cos tan (DPC)
)
(C:\Users\dimit\AppData\Local\Programs\MiKTeX\tex/latex/graphics-cfg\graphics.c
fg
File: graphics.cfg 2016/06/04 v1.11 sample graphics configuration
)
Package graphics Info: Driver file: pdftex.def on input line 107.

(C:\Users\dimit\AppData\Local\Programs\MiKTeX\tex/latex/graphics-def\pdftex.def
File: pdftex.def 2024/04/13 v1.2c Graphics/color driver for pdftex
))
\Gin@req@height=\dimen163
\Gin@req@width=\dimen164
) (C:\Users\dimit\AppData\Local\Programs\MiKTeX\tex/latex/wrapfig\wrapfig.sty
\wrapoverhang=\dimen165
\WF@size=\dimen166
\c@WF@wrappedlines=\count288
\WF@box=\box55
\WF@everypar=\toks25
Package: wrapfig 2003/01/31  v 3.6
)
(C:\Users\dimit\AppData\Local\Programs\MiKTeX\tex/latex/l3backend\l3backend-pdf
tex.def
File: l3backend-pdftex.def 2024-04-11 L3 backend support: PDF output (pdfTeX)
\l__color_backend_stack_int=\count289
\l__pdf_internal_box=\box56
) (week1.aux)
\openout1 = `week1.aux'.

LaTeX Font Info:    Checking defaults for OML/cmm/m/it on input line 13.
LaTeX Font Info:    ... okay on input line 13.
LaTeX Font Info:    Checking defaults for OMS/cmsy/m/n on input line 13.
LaTeX Font Info:    ... okay on input line 13.
LaTeX Font Info:    Checking defaults for OT1/cmr/m/n on input line 13.
LaTeX Font Info:    ... okay on input line 13.
LaTeX Font Info:    Checking defaults for T1/cmr/m/n on input line 13.
LaTeX Font Info:    ... okay on input line 13.
LaTeX Font Info:    Checking defaults for TS1/cmr/m/n on input line 13.
LaTeX Font Info:    ... okay on input line 13.
LaTeX Font Info:    Checking defaults for OMX/cmex/m/n on input line 13.
LaTeX Font Info:    ... okay on input line 13.
LaTeX Font Info:    Checking defaults for U/cmr/m/n on input line 13.
LaTeX Font Info:    ... okay on input line 13.

*geometry* driver: auto-detecting
*geometry* detected driver: pdftex
*geometry* verbose mode - [ preamble ] result:
* driver: pdftex
* paper: a4paper
* layout: <same size as paper>
* layoutoffset:(h,v)=(0.0pt,0.0pt)
* modes: 
* h-part:(L,W,R)=(72.26999pt, 452.9679pt, 72.26999pt)
* v-part:(T,H,B)=(72.26999pt, 700.50687pt, 72.26999pt)
* \paperwidth=597.50787pt
* \paperheight=845.04684pt
* \textwidth=452.9679pt
* \textheight=700.50687pt
* \oddsidemargin=0.0pt
* \evensidemargin=0.0pt
* \topmargin=-37.0pt
* \headheight=12.0pt
* \headsep=25.0pt
* \topskip=11.0pt
* \footskip=30.0pt
* \marginparwidth=50.0pt
* \marginparsep=10.0pt
* \columnsep=10.0pt
* \skip\footins=10.0pt plus 4.0pt minus 2.0pt
* \hoffset=0.0pt
* \voffset=0.0pt
* \mag=1000
* \@twocolumnfalse
* \@twosidefalse
* \@mparswitchfalse
* \@reversemarginfalse
* (1in=72.27pt=25.4mm, 1cm=28.453pt)

\c@lstlisting=\count290

(C:\Users\dimit\AppData\Local\Programs\MiKTeX\tex/context/base/mkii\supp-pdf.mk
ii
[Loading MPS to PDF converter (version 2006.09.02).]
\scratchcounter=\count291
\scratchdimen=\dimen167
\scratchbox=\box57
\nofMPsegments=\count292
\nofMParguments=\count293
\everyMPshowfont=\toks26
\MPscratchCnt=\count294
\MPscratchDim=\dimen168
\MPnumerator=\count295
\makeMPintoPDFobject=\count296
\everyMPtoPDFconversion=\toks27
)
(C:\Users\dimit\AppData\Local\Programs\MiKTeX\tex/latex/epstopdf-pkg\epstopdf-b
ase.sty
Package: epstopdf-base 2020-01-24 v2.11 Base part for package epstopdf
Package epstopdf-base Info: Redefining graphics rule for `.eps' on input line 4
85.

(C:\Users\dimit\AppData\Local\Programs\MiKTeX\tex/latex/00miktex\epstopdf-sys.c
fg
File: epstopdf-sys.cfg 2021/03/18 v2.0 Configuration of epstopdf for MiKTeX
))
Underfull \hbox (badness 10000) in paragraph at lines 21--22

 []

<./images/linear-view.png, id=1, 657.45625pt x 150.5625pt>
File: ./images/linear-view.png Graphic file (type png)
<use ./images/linear-view.png>
Package pdftex.def Info: ./images/linear-view.png  used on input line 27.
(pdftex.def)             Requested size: 328.72733pt x 75.28105pt.
<./images/exemplo-ml.png, id=3, 747.79375pt x 301.125pt>
File: ./images/exemplo-ml.png Graphic file (type png)
<use ./images/exemplo-ml.png>
Package pdftex.def Info: ./images/exemplo-ml.png  used on input line 39.
(pdftex.def)             Requested size: 373.89595pt x 150.56212pt.
[1

{C:/Users/dimit/AppData/Local/MiKTeX/fonts/map/pdftex/pdftex.map} <./images/lin
ear-view.png> <./images/exemplo-ml.png>]
Underfull \hbox (badness 10000) in paragraph at lines 51--52

 []

<./images/exemplo-logistic-regression.png, id=17, 675.52374pt x 372.39125pt>
File: ./images/exemplo-logistic-regression.png Graphic file (type png)
<use ./images/exemplo-logistic-regression.png>
Package pdftex.def Info: ./images/exemplo-logistic-regression.png  used on inpu
t line 55.
(pdftex.def)             Requested size: 337.76105pt x 186.19516pt.
<./images/exemplo-chuva.png, id=18, 906.38625pt x 277.035pt>
File: ./images/exemplo-chuva.png Graphic file (type png)
<use ./images/exemplo-chuva.png>
Package pdftex.def Info: ./images/exemplo-chuva.png  used on input line 68.
(pdftex.def)             Requested size: 453.19202pt x 138.51715pt.
<./images/sigmoid_function.png, id=19, 597.23125pt x 420.57124pt>
File: ./images/sigmoid_function.png Graphic file (type png)
<use ./images/sigmoid_function.png>
Package pdftex.def Info: ./images/sigmoid_function.png  used on input line 79.
(pdftex.def)             Requested size: 238.88826pt x 168.22551pt.

LaTeX Warning: `h' float specifier changed to `ht'.

[2 <./images/exemplo-logistic-regression.png> <./images/exemplo-chuva.png>]
<./images/8-traduzido.png, id=26, 739.76375pt x 340.27126pt>
File: ./images/8-traduzido.png Graphic file (type png)
<use ./images/8-traduzido.png>
Package pdftex.def Info: ./images/8-traduzido.png  used on input line 110.
(pdftex.def)             Requested size: 221.93083pt x 102.08215pt.

[3 <./images/sigmoid_function.png> <./images/8-traduzido.png>]
<./images/filtro-sigmound.png, id=32, 800.9925pt x 314.17375pt>
File: ./images/filtro-sigmound.png Graphic file (type png)
<use ./images/filtro-sigmound.png>
Package pdftex.def Info: ./images/filtro-sigmound.png  used on input line 139.
(pdftex.def)             Requested size: 240.29959pt x 94.25284pt.
<./images/resultado.png, id=33, 771.88374pt x 326.21875pt>
File: ./images/resultado.png Graphic file (type png)
<use ./images/resultado.png>
Package pdftex.def Info: ./images/resultado.png  used on input line 146.
(pdftex.def)             Requested size: 231.56691pt x 97.86636pt.
<./images/bom-para-logistic-regression.png, id=34, 566.115pt x 443.6575pt>
File: ./images/bom-para-logistic-regression.png Graphic file (type png)
<use ./images/bom-para-logistic-regression.png>
Package pdftex.def Info: ./images/bom-para-logistic-regression.png  used on inp
ut line 162.
(pdftex.def)             Requested size: 169.8358pt x 133.09827pt.


LaTeX Warning: `h' float specifier changed to `ht'.

[4 <./images/filtro-sigmound.png> <./images/resultado.png>]
<./images/ruim-para-logistic-regression.png, id=41, 515.9275pt x 486.81876pt>
File: ./images/ruim-para-logistic-regression.png Graphic file (type png)
<use ./images/ruim-para-logistic-regression.png>
Package pdftex.def Info: ./images/ruim-para-logistic-regression.png  used on in
put line 170.
(pdftex.def)             Requested size: 154.77943pt x 146.04675pt.
 [5 <./images/bom-para-logistic-regression.png> <./images/ruim-para-logistic-re
gression.png>]
(C:\Users\dimit\AppData\Local\Programs\MiKTeX\tex/latex/listings\lstlang1.sty
File: lstlang1.sty 2024/03/11 1.10a listings language file
)
Overfull \hbox (20.07703pt too wide) in paragraph at lines 197--198
[][][][][][][][][][][][][][][][][][][][][][][][][] 
 []


Overfull \hbox (13.50696pt too wide) in paragraph at lines 215--216
[][][][][][][][][][][][][][][][][][][][][][][][][][][][][][][][] 
 []

[6] [7]
<./images/1stMTP.png, id=56, 649.42625pt x 387.4475pt>
File: ./images/1stMTP.png Graphic file (type png)
<use ./images/1stMTP.png>
Package pdftex.def Info: ./images/1stMTP.png  used on input line 278.
(pdftex.def)             Requested size: 194.82938pt x 116.23514pt.
<./images/2ndMTP.png, id=57, 687.56876pt x 365.365pt>
File: ./images/2ndMTP.png Graphic file (type png)
<use ./images/2ndMTP.png>
Package pdftex.def Info: ./images/2ndMTP.png  used on input line 288.
(pdftex.def)             Requested size: 206.27222pt x 109.61034pt.
<./images/3rdMTP.png, id=58, 648.4225pt x 387.4475pt>
File: ./images/3rdMTP.png Graphic file (type png)
<use ./images/3rdMTP.png>
Package pdftex.def Info: ./images/3rdMTP.png  used on input line 300.
(pdftex.def)             Requested size: 194.52824pt x 116.23514pt.
 [8 <./images/1stMTP.png> <./images/2ndMTP.png> <./images/3rdMTP.png>]
<./images/4thMTP.png, id=65, 611.28375pt x 364.36125pt>
File: ./images/4thMTP.png Graphic file (type png)
<use ./images/4thMTP.png>
Package pdftex.def Info: ./images/4thMTP.png  used on input line 308.
(pdftex.def)             Requested size: 183.38654pt x 109.3092pt.
<./images/5thMTP.png, id=66, 725.71124pt x 346.29375pt>
File: ./images/5thMTP.png Graphic file (type png)
<use ./images/5thMTP.png>
Package pdftex.def Info: ./images/5thMTP.png  used on input line 316.
(pdftex.def)             Requested size: 217.71504pt x 103.88892pt.
<./images/6thMTP.png, id=67, 884.30376pt x 252.945pt>
File: ./images/6thMTP.png Graphic file (type png)
<use ./images/6thMTP.png>
Package pdftex.def Info: ./images/6thMTP.png  used on input line 330.
(pdftex.def)             Requested size: 265.29317pt x 75.88408pt.

[9 <./images/4thMTP.png> <./images/5thMTP.png> <./images/6thMTP.png>]
<./images/7thMTP.png, id=74, 574.145pt x 437.635pt>
File: ./images/7thMTP.png Graphic file (type png)
<use ./images/7thMTP.png>
Package pdftex.def Info: ./images/7thMTP.png  used on input line 349.
(pdftex.def)             Requested size: 172.24483pt x 131.2915pt.

Underfull \hbox (badness 10000) in paragraph at lines 369--370

 []

[10 <./images/7thMTP.png>]
<./images/8thMTP.png, id=79, 843.15pt x 254.9525pt>
File: ./images/8thMTP.png Graphic file (type png)
<use ./images/8thMTP.png>
Package pdftex.def Info: ./images/8thMTP.png  used on input line 381.
(pdftex.def)             Requested size: 337.25401pt x 101.97919pt.

Underfull \hbox (badness 10000) in paragraph at lines 385--386

 []

<./images/9thMTP.png, id=80, 903.375pt x 208.78pt>
File: ./images/9thMTP.png Graphic file (type png)
<use ./images/9thMTP.png>
Package pdftex.def Info: ./images/9thMTP.png  used on input line 400.
(pdftex.def)             Requested size: 451.6864pt x 104.38972pt.
<./images/10thMTP.png, id=81, 824.07875pt x 305.14pt>
File: ./images/10thMTP.png Graphic file (type png)
<use ./images/10thMTP.png>
Package pdftex.def Info: ./images/10thMTP.png  used on input line 410.
(pdftex.def)             Requested size: 247.22552pt x 91.5427pt.
[11 <./images/8thMTP.png> <./images/9thMTP.png>]
<./images/11thMTP.png, id=87, 716.6775pt x 351.3125pt>
File: ./images/11thMTP.png Graphic file (type png)
<use ./images/11thMTP.png>
Package pdftex.def Info: ./images/11thMTP.png  used on input line 421.
(pdftex.def)             Requested size: 215.00491pt x 105.39455pt.

Overfull \hbox (4.82071pt too wide) in paragraph at lines 437--438
[]\OT1/cmr/m/n/10.95 Com a \OT1/cmr/bx/n/10.95 Lo-gis-tic Re-gres-sion\OT1/cmr/
m/n/10.95 , n~ao po-de-mos fa-zer a apren-di-za-gem por trans-fer^encia (\OT1/c
mr/bx/n/10.95 Transfer
 []

[12 <./images/10thMTP.png> <./images/11thMTP.png>]
<./images/12thMTP.png, id=93, 727.71875pt x 345.29pt>
File: ./images/12thMTP.png Graphic file (type png)
<use ./images/12thMTP.png>
Package pdftex.def Info: ./images/12thMTP.png  used on input line 447.
(pdftex.def)             Requested size: 291.08234pt x 138.11354pt.
 [13 <./images/12thMTP.png>]
[14] [15] [16] (week1.aux)
 ***********
LaTeX2e <2023-11-01> patch level 1
L3 programming layer <2024-04-11>
 ***********
 ) 
Here is how much of TeX's memory you used:
 5849 strings out of 474370
 92553 string characters out of 5740535
 2001754 words of memory out of 5000000
 28217 multiletter control sequences out of 15000+600000
 564068 words of font info for 56 fonts, out of 8000000 for 9000
 1141 hyphenation exceptions out of 8191
 57i,8n,65p,493b,1258s stack positions out of 10000i,1000n,20000p,200000b,200000s
 <C:\Users\dimit\AppData\Local\MiKTeX\fonts/pk/ljfour/jknappen/ec/dpi600\tcti
1095.pk> <C:\Users\dimit\AppData\Local\MiKTeX\fonts/pk/ljfour/jknappen/ec/dpi60
0\tcrm1095.pk><C:/Users/dimit/AppData/Local/Programs/MiKTeX/fonts/type1/public/
amsfonts/cm/cmbx10.pfb><C:/Users/dimit/AppData/Local/Programs/MiKTeX/fonts/type
1/public/amsfonts/cm/cmbx12.pfb><C:/Users/dimit/AppData/Local/Programs/MiKTeX/f
onts/type1/public/amsfonts/cm/cmex10.pfb><C:/Users/dimit/AppData/Local/Programs
/MiKTeX/fonts/type1/public/amsfonts/cm/cmmi10.pfb><C:/Users/dimit/AppData/Local
/Programs/MiKTeX/fonts/type1/public/amsfonts/cm/cmmi8.pfb><C:/Users/dimit/AppDa
ta/Local/Programs/MiKTeX/fonts/type1/public/amsfonts/cm/cmr10.pfb><C:/Users/dim
it/AppData/Local/Programs/MiKTeX/fonts/type1/public/amsfonts/cm/cmr8.pfb><C:/Us
ers/dimit/AppData/Local/Programs/MiKTeX/fonts/type1/public/amsfonts/cm/cmsy10.p
fb><C:/Users/dimit/AppData/Local/Programs/MiKTeX/fonts/type1/public/amsfonts/cm
/cmti10.pfb>
Output written on week1.pdf (16 pages, 3515155 bytes).
PDF statistics:
 155 PDF objects out of 1000 (max. 8388607)
 0 named destinations out of 1000 (max. 500000)
 111 words of extra memory for PDF output out of 10000 (max. 10000000)

